-outxml
-source
1.6
-target
1.6
-classpath
D:\mvnrepository\antlr\antlr\2.7.7\antlr-2.7.7.jar;D:\mvnrepository\aopalliance\aopalliance\1.0\aopalliance-1.0.jar;D:\mvnrepository\asm\asm\3.1\asm-3.1.jar;D:\mvnrepository\c3p0\c3p0\0.9.1.2\c3p0-0.9.1.2.jar;D:\mvnrepository\cglib\cglib\2.2\cglib-2.2.jar;D:\mvnrepository\com\googlecode\json-simple\json-simple\1.1.1\json-simple-1.1.1.jar;D:\mvnrepository\com\h2database\h2\1.3.152\h2-1.3.152.jar;D:\mvnrepository\com\mysema\codegen\codegen\0.4.9\codegen-0.4.9.jar;D:\mvnrepository\com\mysema\commons\mysema-commons-lang\0.2.2\mysema-commons-lang-0.2.2.jar;D:\mvnrepository\com\mysema\querydsl\querydsl-core\2.3.3\querydsl-core-2.3.3.jar;D:\mvnrepository\com\mysema\querydsl\querydsl-jpa\2.3.3\querydsl-jpa-2.3.3.jar;D:\mvnrepository\com\shopizer\sm-core\0.0.1-SNAPSHOT\sm-core-0.0.1-SNAPSHOT.jar;D:\mvnrepository\com\sleepycat\je\4.0.92\je-4.0.92.jar;D:\mvnrepository\commons-beanutils\commons-beanutils\1.8.0\commons-beanutils-1.8.0.jar;D:\mvnrepository\commons-digester\commons-digester\1.8.1\commons-digester-1.8.1.jar;D:\mvnrepository\commons-fileupload\commons-fileupload\1.2.2\commons-fileupload-1.2.2.jar;D:\mvnrepository\commons-io\commons-io\2.0.1\commons-io-2.0.1.jar;D:\mvnrepository\commons-logging\commons-logging\1.1.1\commons-logging-1.1.1.jar;D:\mvnrepository\commons-logging\commons-logging-api\1.1\commons-logging-api-1.1.jar;D:\mvnrepository\dom4j\dom4j\1.6.1\dom4j-1.6.1.jar;D:\mvnrepository\javassist\javassist\3.3\javassist-3.3.jar;D:\mvnrepository\javax\activation\activation\1.1\activation-1.1.jar;D:\mvnrepository\javax\inject\javax.inject\1\javax.inject-1.jar;D:\mvnrepository\javax\mail\mail\1.4.5\mail-1.4.5.jar;D:\mvnrepository\javax\servlet\servlet-api\2.5\servlet-api-2.5.jar;D:\mvnrepository\javax\servlet\jsp\jsp-api\2.1\jsp-api-2.1.jar;D:\mvnrepository\javax\servlet\jsp\jstl\jstl-api\1.2\jstl-api-1.2.jar;D:\mvnrepository\javax\transaction\jta\1.1\jta-1.1.jar;D:\mvnrepository\javax\validation\validation-api\1.0.0.GA\validation-api-1.0.0.GA.jar;D:\mvnrepository\jdom\jdom\1.0\jdom-1.0.jar;D:\mvnrepository\jgroups\jgroups\2.6.13.GA\jgroups-2.6.13.GA.jar;D:\mvnrepository\joda-time\joda-time\2.0\joda-time-2.0.jar;D:\mvnrepository\junit\junit\4.8.2\junit-4.8.2.jar;D:\mvnrepository\log4j\log4j\1.2.16\log4j-1.2.16.jar;D:\mvnrepository\mysql\mysql-connector-java\5.1.19\mysql-connector-java-5.1.19.jar;D:\mvnrepository\net\java\dev\rome\rome\1.0.0\rome-1.0.0.jar;D:\mvnrepository\net\sf\ehcache\ehcache-core\2.4.3\ehcache-core-2.4.3.jar;D:\mvnrepository\net\sourceforge\collections\collections-generic\4.01\collections-generic-4.01.jar;D:\mvnrepository\net\sourceforge\findbugs\jsr305\1.3.2\jsr305-1.3.2.jar;D:\mvnrepository\org\apache\commons\commons-lang3\3.0\commons-lang3-3.0.jar;D:\mvnrepository\org\apache\tiles\tiles-api\2.1.2\tiles-api-2.1.2.jar;D:\mvnrepository\org\apache\tiles\tiles-core\2.1.2\tiles-core-2.1.2.jar;D:\mvnrepository\org\apache\tiles\tiles-jsp\2.1.2\tiles-jsp-2.1.2.jar;D:\mvnrepository\org\apache\tiles\tiles-servlet\2.1.2\tiles-servlet-2.1.2.jar;D:\mvnrepository\org\aspectj\aspectjrt\1.6.10\aspectjrt-1.6.10.jar;D:\mvnrepository\org\aspectj\aspectjweaver\1.5.4\aspectjweaver-1.5.4.jar;D:\mvnrepository\org\codehaus\jackson\jackson-core-asl\1.8.1\jackson-core-asl-1.8.1.jar;D:\mvnrepository\org\codehaus\jackson\jackson-mapper-asl\1.8.1\jackson-mapper-asl-1.8.1.jar;D:\mvnrepository\org\codehaus\woodstox\stax2-api\3.1.1\stax2-api-3.1.1.jar;D:\mvnrepository\org\codehaus\woodstox\woodstox-core-asl\4.1.1\woodstox-core-asl-4.1.1.jar;D:\mvnrepository\org\freemarker\freemarker\2.3.19\freemarker-2.3.19.jar;D:\mvnrepository\org\glassfish\web\jstl-impl\1.2\jstl-impl-1.2.jar;D:\mvnrepository\org\hibernate\hibernate-core\4.1.2\hibernate-core-4.1.2.jar;D:\mvnrepository\org\hibernate\hibernate-ehcache\4.1.2\hibernate-ehcache-4.1.2.jar;D:\mvnrepository\org\hibernate\hibernate-entitymanager\4.1.2\hibernate-entitymanager-4.1.2.jar;D:\mvnrepository\org\hibernate\hibernate-validator\4.1.0.Final\hibernate-validator-4.1.0.Final.jar;D:\mvnrepository\org\hibernate\common\hibernate-commons-annotations\4.0.1.Final\hibernate-commons-annotations-4.0.1.Final.jar;D:\mvnrepository\org\hibernate\javax\persistence\hibernate-jpa-2.0-api\1.0.1.Final\hibernate-jpa-2.0-api-1.0.1.Final.jar;D:\mvnrepository\org\infinispan\infinispan-cachestore-bdbje\5.1.4.FINAL\infinispan-cachestore-bdbje-5.1.4.FINAL.jar;D:\mvnrepository\org\infinispan\infinispan-cachestore-jdbc\5.1.4.FINAL\infinispan-cachestore-jdbc-5.1.4.FINAL.jar;D:\mvnrepository\org\infinispan\infinispan-core\5.1.6.FINAL\infinispan-core-5.1.6.FINAL.jar;D:\mvnrepository\org\infinispan\infinispan-tree\5.1.6.FINAL\infinispan-tree-5.1.6.FINAL.jar;D:\mvnrepository\org\jadira\usertype\usertype.core\3.0.0.CR1\usertype.core-3.0.0.CR1.jar;D:\mvnrepository\org\jadira\usertype\usertype.spi\3.0.0.CR1\usertype.spi-3.0.0.CR1.jar;D:\mvnrepository\org\jboss\jboss-common-core\2.2.14.GA\jboss-common-core-2.2.14.GA.jar;D:\mvnrepository\org\jboss\cache\jbosscache-core\3.2.5.GA\jbosscache-core-3.2.5.GA.jar;D:\mvnrepository\org\jboss\javaee\jboss-transaction-api\1.0.1.GA\jboss-transaction-api-1.0.1.GA.jar;D:\mvnrepository\org\jboss\logging\jboss-logging\3.1.0.GA\jboss-logging-3.1.0.GA.jar;D:\mvnrepository\org\jboss\logging\jboss-logging-spi\2.0.5.GA\jboss-logging-spi-2.0.5.GA.jar;D:\mvnrepository\org\jboss\marshalling\jboss-marshalling\1.3.11.GA\jboss-marshalling-1.3.11.GA.jar;D:\mvnrepository\org\jboss\marshalling\jboss-marshalling-river\1.3.11.GA\jboss-marshalling-river-1.3.11.GA.jar;D:\mvnrepository\org\jboss\spec\javax\transaction\jboss-transaction-api_1.1_spec\1.0.0.Final\jboss-transaction-api_1.1_spec-1.0.0.Final.jar;D:\mvnrepository\org\jgroups\jgroups\3.0.11.Final\jgroups-3.0.11.Final.jar;D:\mvnrepository\org\joda\joda-money\0.6\joda-money-0.6.jar;D:\mvnrepository\org\rhq\helpers\rhq-pluginAnnotations\3.0.4\rhq-pluginAnnotations-3.0.4.jar;D:\mvnrepository\org\slf4j\jcl-over-slf4j\1.6.6\jcl-over-slf4j-1.6.6.jar;D:\mvnrepository\org\slf4j\slf4j-api\1.6.6\slf4j-api-1.6.6.jar;D:\mvnrepository\org\slf4j\slf4j-log4j12\1.6.6\slf4j-log4j12-1.6.6.jar;D:\mvnrepository\org\springframework\spring-aop\3.1.0.RELEASE\spring-aop-3.1.0.RELEASE.jar;D:\mvnrepository\org\springframework\spring-asm\3.1.0.RELEASE\spring-asm-3.1.0.RELEASE.jar;D:\mvnrepository\org\springframework\spring-aspects\3.1.0.RELEASE\spring-aspects-3.1.0.RELEASE.jar;D:\mvnrepository\org\springframework\spring-beans\3.1.0.RELEASE\spring-beans-3.1.0.RELEASE.jar;D:\mvnrepository\org\springframework\spring-context\3.1.0.RELEASE\spring-context-3.1.0.RELEASE.jar;D:\mvnrepository\org\springframework\spring-context-support\3.1.0.RELEASE\spring-context-support-3.1.0.RELEASE.jar;D:\mvnrepository\org\springframework\spring-core\3.1.0.RELEASE\spring-core-3.1.0.RELEASE.jar;D:\mvnrepository\org\springframework\spring-expression\3.1.0.RELEASE\spring-expression-3.1.0.RELEASE.jar;D:\mvnrepository\org\springframework\spring-jdbc\3.0.6.RELEASE\spring-jdbc-3.0.6.RELEASE.jar;D:\mvnrepository\org\springframework\spring-orm\3.1.0.RELEASE\spring-orm-3.1.0.RELEASE.jar;D:\mvnrepository\org\springframework\spring-test\3.1.0.RELEASE\spring-test-3.1.0.RELEASE.jar;D:\mvnrepository\org\springframework\spring-tx\3.0.6.RELEASE\spring-tx-3.0.6.RELEASE.jar;D:\mvnrepository\org\springframework\spring-web\3.1.0.RELEASE\spring-web-3.1.0.RELEASE.jar;D:\mvnrepository\org\springframework\spring-webmvc\3.1.0.RELEASE\spring-webmvc-3.1.0.RELEASE.jar;D:\mvnrepository\org\springframework\security\spring-security-config\3.1.0.RELEASE\spring-security-config-3.1.0.RELEASE.jar;D:\mvnrepository\org\springframework\security\spring-security-core\3.1.0.RELEASE\spring-security-core-3.1.0.RELEASE.jar;D:\mvnrepository\org\springframework\security\spring-security-crypto\3.1.0.RELEASE\spring-security-crypto-3.1.0.RELEASE.jar;D:\mvnrepository\org\springframework\security\spring-security-web\3.1.0.RELEASE\spring-security-web-3.1.0.RELEASE.jar;c:\OSS\Shopizer\shopizer-dev\sm-shop\target\classes
-d
c:\OSS\Shopizer\shopizer-dev\sm-shop\target\classes
c:\OSS\Shopizer\shopizer-dev\sm-shop\src\main\java\com\salesmanager\web\constants\ApplicationConstants.java
c:\OSS\Shopizer\shopizer-dev\sm-shop\src\main\java\com\salesmanager\web\admin\controller\products\OptionsController.java
c:\OSS\Shopizer\shopizer-dev\sm-shop\src\main\java\com\salesmanager\web\admin\controller\payments\PaymentsController.java
c:\OSS\Shopizer\shopizer-dev\sm-shop\src\main\java\com\salesmanager\web\admin\controller\orders\OrderControler.java
c:\OSS\Shopizer\shopizer-dev\sm-shop\src\main\java\org\springframework\samples\mvc\validation\ValidationController.java
c:\OSS\Shopizer\shopizer-dev\sm-shop\src\main\java\org\springframework\samples\mvc\form\FormBean.java
c:\OSS\Shopizer\shopizer-dev\sm-shop\src\main\java\com\salesmanager\web\admin\controller\products\ProductController.java
c:\OSS\Shopizer\shopizer-dev\sm-shop\src\main\java\com\salesmanager\web\admin\entity\web\Menu.java
c:\OSS\Shopizer\shopizer-dev\sm-shop\src\main\java\org\springframework\samples\mvc\messageconverters\JavaBean.java
c:\OSS\Shopizer\shopizer-dev\sm-shop\src\main\java\com\salesmanager\web\init\data\InitStoreData.java
c:\OSS\Shopizer\shopizer-dev\sm-shop\src\main\java\com\salesmanager\web\shop\customer\controller\CustomerLoginController.java
c:\OSS\Shopizer\shopizer-dev\sm-shop\src\main\java\com\salesmanager\web\admin\entity\reference\Size.java
c:\OSS\Shopizer\shopizer-dev\sm-shop\src\main\java\com\salesmanager\web\admin\entity\merchant\StoreLandingDescription.java
c:\OSS\Shopizer\shopizer-dev\sm-shop\src\main\java\org\springframework\samples\mvc\form\InquiryType.java
c:\OSS\Shopizer\shopizer-dev\sm-shop\src\main\java\org\springframework\samples\mvc\mapping\JavaBean.java
c:\OSS\Shopizer\shopizer-dev\sm-shop\src\main\java\com\salesmanager\web\admin\security\CustomerServicesImpl.java
c:\OSS\Shopizer\shopizer-dev\sm-shop\src\main\java\org\springframework\samples\mvc\convert\MaskFormat.java
c:\OSS\Shopizer\shopizer-dev\sm-shop\src\main\java\org\springframework\samples\mvc\views\JavaBean.java
c:\OSS\Shopizer\shopizer-dev\sm-shop\src\main\java\com\salesmanager\web\filter\AdminFilter.java
c:\OSS\Shopizer\shopizer-dev\sm-shop\src\main\java\com\salesmanager\web\admin\controller\user\GroupsController.java
c:\OSS\Shopizer\shopizer-dev\sm-shop\src\main\java\com\salesmanager\web\admin\controller\orders\OrdersController.java
c:\OSS\Shopizer\shopizer-dev\sm-shop\src\main\java\org\springframework\samples\mvc\response\ResponseController.java
c:\OSS\Shopizer\shopizer-dev\sm-shop\src\main\java\com\salesmanager\web\init\data\InitData.java
c:\OSS\Shopizer\shopizer-dev\sm-shop\src\main\java\org\springframework\samples\mvc\convert\NestedBean.java
c:\OSS\Shopizer\shopizer-dev\sm-shop\src\main\java\org\springframework\samples\mvc\messageconverters\MessageConvertersController.java
c:\OSS\Shopizer\shopizer-dev\sm-shop\src\main\java\com\salesmanager\web\admin\controller\AdminController.java
c:\OSS\Shopizer\shopizer-dev\sm-shop\src\main\java\org\springframework\samples\mvc\convert\SocialSecurityNumber.java
c:\OSS\Shopizer\shopizer-dev\sm-shop\src\main\java\org\springframework\samples\mvc\mapping\ClasslevelMappingController.java
c:\OSS\Shopizer\shopizer-dev\sm-shop\src\main\java\com\salesmanager\web\servlet\ImageServlet.java
c:\OSS\Shopizer\shopizer-dev\sm-shop\src\main\java\org\springframework\samples\mvc\data\standard\StandardArgumentsController.java
c:\OSS\Shopizer\shopizer-dev\sm-shop\src\main\java\org\springframework\samples\mvc\data\custom\CustomArgumentController.java
c:\OSS\Shopizer\shopizer-dev\sm-shop\src\main\java\com\salesmanager\web\admin\controller\shipping\ShippingMethodsController.java
c:\OSS\Shopizer\shopizer-dev\sm-shop\src\main\java\com\salesmanager\web\utils\EmailUtils.java
c:\OSS\Shopizer\shopizer-dev\sm-shop\src\main\java\org\springframework\samples\mvc\views\ViewsController.java
c:\OSS\Shopizer\shopizer-dev\sm-shop\src\main\java\com\salesmanager\web\admin\controller\user\LoginController.java
c:\OSS\Shopizer\shopizer-dev\sm-shop\src\main\java\com\salesmanager\web\admin\controller\user\SecurityController.java
c:\OSS\Shopizer\shopizer-dev\sm-shop\src\main\java\org\springframework\samples\mvc\data\custom\CustomArgumentResolver.java
c:\OSS\Shopizer\shopizer-dev\sm-shop\src\main\java\com\salesmanager\web\admin\entity\reference\Weight.java
c:\OSS\Shopizer\shopizer-dev\sm-shop\src\main\java\com\salesmanager\web\reference\ReferenceController.java
c:\OSS\Shopizer\shopizer-dev\sm-shop\src\main\java\org\springframework\samples\mvc\validation\JavaBean.java
c:\OSS\Shopizer\shopizer-dev\sm-shop\src\main\java\org\springframework\samples\mvc\convert\ConvertController.java
c:\OSS\Shopizer\shopizer-dev\sm-shop\src\main\java\com\salesmanager\web\admin\controller\products\OptionsValueController.java
c:\OSS\Shopizer\shopizer-dev\sm-shop\src\main\java\org\springframework\samples\mvc\data\JavaBean.java
c:\OSS\Shopizer\shopizer-dev\sm-shop\src\main\java\com\salesmanager\web\admin\controller\user\UserController.java
c:\OSS\Shopizer\shopizer-dev\sm-shop\src\main\java\com\salesmanager\web\admin\controller\categories\CategoryController.java
c:\OSS\Shopizer\shopizer-dev\sm-shop\src\main\java\com\salesmanager\web\admin\controller\customers\CustomerController.java
c:\OSS\Shopizer\shopizer-dev\sm-shop\src\main\java\com\salesmanager\web\admin\entity\merchant\StoreLanding.java
c:\OSS\Shopizer\shopizer-dev\sm-shop\src\main\java\com\salesmanager\web\utils\LabelUtils.java
c:\OSS\Shopizer\shopizer-dev\sm-shop\src\main\java\com\salesmanager\web\filter\StoreFilter.java
c:\OSS\Shopizer\shopizer-dev\sm-shop\src\main\java\org\springframework\samples\mvc\exceptions\ExceptionController.java
c:\OSS\Shopizer\shopizer-dev\sm-shop\src\main\java\com\salesmanager\web\admin\security\UserServicesImpl.java
c:\OSS\Shopizer\shopizer-dev\sm-shop\src\main\java\com\salesmanager\web\shop\controller\LandingController.java
c:\OSS\Shopizer\shopizer-dev\sm-shop\src\main\java\org\springframework\samples\mvc\simple\SimpleControllerRevisited.java
c:\OSS\Shopizer\shopizer-dev\sm-shop\src\main\java\org\springframework\samples\mvc\data\RequestDataController.java
c:\OSS\Shopizer\shopizer-dev\sm-shop\src\main\java\com\salesmanager\web\admin\controller\user\PermissionController.java
c:\OSS\Shopizer\shopizer-dev\sm-shop\src\main\java\com\salesmanager\web\tags\ContentImageUrlTag.java
c:\OSS\Shopizer\shopizer-dev\sm-shop\src\main\java\com\salesmanager\web\utils\AppConfiguration.java
c:\OSS\Shopizer\shopizer-dev\sm-shop\src\main\java\com\salesmanager\web\admin\controller\merchant\MerchantStoreController.java
c:\OSS\Shopizer\shopizer-dev\sm-shop\src\main\java\org\springframework\samples\mvc\convert\MaskFormatAnnotationFormatterFactory.java
c:\OSS\Shopizer\shopizer-dev\sm-shop\src\main\java\org\springframework\samples\mvc\redirect\RedirectController.java
c:\OSS\Shopizer\shopizer-dev\sm-shop\src\main\java\com\salesmanager\web\utils\TokenizeTool.java
c:\OSS\Shopizer\shopizer-dev\sm-shop\src\main\java\org\springframework\samples\mvc\data\custom\RequestAttribute.java
c:\OSS\Shopizer\shopizer-dev\sm-shop\src\main\java\com\salesmanager\web\admin\entity\shipping\ShippingConfiguration.java
c:\OSS\Shopizer\shopizer-dev\sm-shop\src\main\java\com\salesmanager\web\admin\controller\merchant\StoreLandingController.java
c:\OSS\Shopizer\shopizer-dev\sm-shop\src\main\java\com\salesmanager\web\admin\controller\products\FeaturedItemsController.java
c:\OSS\Shopizer\shopizer-dev\sm-shop\src\main\java\com\salesmanager\web\admin\controller\user\ProfileController.java
c:\OSS\Shopizer\shopizer-dev\sm-shop\src\main\java\com\salesmanager\web\entity\catalog\Product.java
c:\OSS\Shopizer\shopizer-dev\sm-shop\src\main\java\org\springframework\samples\mvc\convert\JavaBean.java
c:\OSS\Shopizer\shopizer-dev\sm-shop\src\main\java\org\springframework\samples\mvc\mapping\MappingController.java
c:\OSS\Shopizer\shopizer-dev\sm-shop\src\main\java\com\salesmanager\web\admin\controller\products\ProductsController.java
c:\OSS\Shopizer\shopizer-dev\sm-shop\src\main\java\org\springframework\samples\mvc\simple\SimpleController.java
c:\OSS\Shopizer\shopizer-dev\sm-shop\src\main\java\org\springframework\mvc\extensions\ajax\AjaxUtils.java
c:\OSS\Shopizer\shopizer-dev\sm-shop\src\main\java\org\springframework\samples\mvc\form\FormController.java
c:\OSS\Shopizer\shopizer-dev\sm-shop\src\main\java\org\springframework\samples\mvc\fileupload\FileUploadController.java
c:\OSS\Shopizer\shopizer-dev\sm-shop\src\main\java\com\salesmanager\web\admin\controller\merchant\StoreBrandingController.java
